{"/Users/ravikumarr/Documents/Development/test/bsckend/crud/src/App.jsx": {"path":"/Users/ravikumarr/Documents/Development/test/bsckend/crud/src/App.jsx","all":false,"statementMap":{"0":{"start":{"line":1,"column":0},"end":{"line":1,"column":51}},"1":{"start":{"line":2,"column":0},"end":{"line":2,"column":55}},"2":{"start":{"line":3,"column":0},"end":{"line":3,"column":81}},"4":{"start":{"line":5,"column":0},"end":{"line":5,"column":19}},"5":{"start":{"line":6,"column":0},"end":{"line":6,"column":35}},"6":{"start":{"line":7,"column":0},"end":{"line":7,"column":73}},"8":{"start":{"line":9,"column":0},"end":{"line":9,"column":47}},"9":{"start":{"line":10,"column":0},"end":{"line":10,"column":51}},"10":{"start":{"line":11,"column":0},"end":{"line":11,"column":54}},"12":{"start":{"line":13,"column":0},"end":{"line":13,"column":21}},"13":{"start":{"line":14,"column":0},"end":{"line":14,"column":31}},"14":{"start":{"line":15,"column":0},"end":{"line":15,"column":19}},"16":{"start":{"line":17,"column":0},"end":{"line":17,"column":29}},"17":{"start":{"line":18,"column":0},"end":{"line":18,"column":22}},"18":{"start":{"line":19,"column":0},"end":{"line":19,"column":49}},"19":{"start":{"line":20,"column":0},"end":{"line":20,"column":27}},"20":{"start":{"line":21,"column":0},"end":{"line":21,"column":9}},"21":{"start":{"line":22,"column":0},"end":{"line":22,"column":6}},"23":{"start":{"line":24,"column":0},"end":{"line":24,"column":38}},"24":{"start":{"line":25,"column":0},"end":{"line":25,"column":34}},"25":{"start":{"line":26,"column":0},"end":{"line":26,"column":6}},"27":{"start":{"line":28,"column":0},"end":{"line":28,"column":32}},"28":{"start":{"line":29,"column":0},"end":{"line":29,"column":40}},"29":{"start":{"line":30,"column":0},"end":{"line":30,"column":43}},"30":{"start":{"line":31,"column":0},"end":{"line":31,"column":30}},"31":{"start":{"line":32,"column":0},"end":{"line":32,"column":9}},"32":{"start":{"line":33,"column":0},"end":{"line":33,"column":6}},"34":{"start":{"line":35,"column":0},"end":{"line":35,"column":34}},"35":{"start":{"line":36,"column":0},"end":{"line":36,"column":33}},"36":{"start":{"line":37,"column":0},"end":{"line":37,"column":37}},"37":{"start":{"line":38,"column":0},"end":{"line":38,"column":6}},"39":{"start":{"line":40,"column":0},"end":{"line":40,"column":12}},"40":{"start":{"line":41,"column":0},"end":{"line":41,"column":41}},"41":{"start":{"line":42,"column":0},"end":{"line":42,"column":37}},"43":{"start":{"line":44,"column":0},"end":{"line":44,"column":55}},"44":{"start":{"line":45,"column":0},"end":{"line":45,"column":58}},"45":{"start":{"line":46,"column":0},"end":{"line":46,"column":23}},"47":{"start":{"line":48,"column":0},"end":{"line":48,"column":17}},"48":{"start":{"line":49,"column":0},"end":{"line":49,"column":33}},"49":{"start":{"line":50,"column":0},"end":{"line":50,"column":22}},"50":{"start":{"line":51,"column":0},"end":{"line":51,"column":31}},"51":{"start":{"line":52,"column":0},"end":{"line":52,"column":35}},"52":{"start":{"line":53,"column":0},"end":{"line":53,"column":64}},"53":{"start":{"line":54,"column":0},"end":{"line":54,"column":49}},"54":{"start":{"line":55,"column":0},"end":{"line":55,"column":18}},"55":{"start":{"line":56,"column":0},"end":{"line":56,"column":56}},"56":{"start":{"line":57,"column":0},"end":{"line":57,"column":18}},"58":{"start":{"line":59,"column":0},"end":{"line":59,"column":17}},"59":{"start":{"line":60,"column":0},"end":{"line":60,"column":35}},"60":{"start":{"line":61,"column":0},"end":{"line":61,"column":20}},"61":{"start":{"line":62,"column":0},"end":{"line":62,"column":42}},"62":{"start":{"line":63,"column":0},"end":{"line":63,"column":42}},"63":{"start":{"line":64,"column":0},"end":{"line":64,"column":55}},"64":{"start":{"line":65,"column":0},"end":{"line":65,"column":128}},"65":{"start":{"line":66,"column":0},"end":{"line":66,"column":123}},"66":{"start":{"line":67,"column":0},"end":{"line":67,"column":29}},"67":{"start":{"line":68,"column":0},"end":{"line":68,"column":23}},"68":{"start":{"line":69,"column":0},"end":{"line":69,"column":21}},"69":{"start":{"line":70,"column":0},"end":{"line":70,"column":18}},"71":{"start":{"line":72,"column":0},"end":{"line":72,"column":26}},"72":{"start":{"line":73,"column":0},"end":{"line":73,"column":21}},"73":{"start":{"line":74,"column":0},"end":{"line":74,"column":38}},"74":{"start":{"line":75,"column":0},"end":{"line":75,"column":26}},"75":{"start":{"line":76,"column":0},"end":{"line":76,"column":35}},"76":{"start":{"line":77,"column":0},"end":{"line":77,"column":45}},"77":{"start":{"line":78,"column":0},"end":{"line":78,"column":92}},"78":{"start":{"line":79,"column":0},"end":{"line":79,"column":54}},"79":{"start":{"line":80,"column":0},"end":{"line":80,"column":22}},"80":{"start":{"line":81,"column":0},"end":{"line":81,"column":66}},"81":{"start":{"line":82,"column":0},"end":{"line":82,"column":77}},"82":{"start":{"line":83,"column":0},"end":{"line":83,"column":22}},"84":{"start":{"line":85,"column":0},"end":{"line":85,"column":14}},"86":{"start":{"line":87,"column":0},"end":{"line":87,"column":2}},"88":{"start":{"line":89,"column":0},"end":{"line":89,"column":19}}},"s":{"0":1,"1":1,"2":1,"4":1,"5":21,"6":21,"8":21,"9":21,"10":21,"12":21,"13":4,"14":21,"16":21,"17":1,"18":1,"19":1,"20":1,"21":1,"23":21,"24":1,"25":1,"27":21,"28":1,"29":1,"30":1,"31":1,"32":1,"34":21,"35":1,"36":1,"37":1,"39":21,"40":21,"41":21,"43":21,"44":21,"45":21,"47":21,"48":21,"49":21,"50":21,"51":21,"52":21,"53":21,"54":21,"55":21,"56":21,"58":21,"59":21,"60":21,"61":21,"62":24,"63":24,"64":24,"65":24,"66":24,"67":21,"68":21,"69":21,"71":21,"72":2,"73":2,"74":2,"75":2,"76":2,"77":2,"78":2,"79":2,"80":2,"81":2,"82":2,"84":21,"86":21,"88":1},"branchMap":{"0":{"type":"branch","line":5,"loc":{"start":{"line":5,"column":12},"end":{"line":87,"column":2}},"locations":[{"start":{"line":5,"column":12},"end":{"line":87,"column":2}}]},"1":{"type":"branch","line":44,"loc":{"start":{"line":44,"column":24},"end":{"line":44,"column":55}},"locations":[{"start":{"line":44,"column":24},"end":{"line":44,"column":55}}]},"2":{"type":"branch","line":45,"loc":{"start":{"line":45,"column":24},"end":{"line":45,"column":58}},"locations":[{"start":{"line":45,"column":24},"end":{"line":45,"column":58}}]},"3":{"type":"branch","line":72,"loc":{"start":{"line":72,"column":13},"end":{"line":83,"column":22}},"locations":[{"start":{"line":72,"column":13},"end":{"line":83,"column":22}}]},"4":{"type":"branch","line":7,"loc":{"start":{"line":7,"column":49},"end":{"line":7,"column":71}},"locations":[{"start":{"line":7,"column":49},"end":{"line":7,"column":71}}]},"5":{"type":"branch","line":13,"loc":{"start":{"line":13,"column":14},"end":{"line":15,"column":7}},"locations":[{"start":{"line":13,"column":14},"end":{"line":15,"column":7}}]},"6":{"type":"branch","line":17,"loc":{"start":{"line":17,"column":22},"end":{"line":22,"column":6}},"locations":[{"start":{"line":17,"column":22},"end":{"line":22,"column":6}}]},"7":{"type":"branch","line":24,"loc":{"start":{"line":24,"column":23},"end":{"line":26,"column":6}},"locations":[{"start":{"line":24,"column":23},"end":{"line":26,"column":6}}]},"8":{"type":"branch","line":28,"loc":{"start":{"line":28,"column":25},"end":{"line":33,"column":6}},"locations":[{"start":{"line":28,"column":25},"end":{"line":33,"column":6}}]},"9":{"type":"branch","line":35,"loc":{"start":{"line":35,"column":25},"end":{"line":38,"column":6}},"locations":[{"start":{"line":35,"column":25},"end":{"line":38,"column":6}}]},"10":{"type":"branch","line":53,"loc":{"start":{"line":53,"column":30},"end":{"line":53,"column":64}},"locations":[{"start":{"line":53,"column":30},"end":{"line":53,"column":64}}]},"11":{"type":"branch","line":62,"loc":{"start":{"line":62,"column":31},"end":{"line":67,"column":29}},"locations":[{"start":{"line":62,"column":31},"end":{"line":67,"column":29}}]},"12":{"type":"branch","line":65,"loc":{"start":{"line":65,"column":77},"end":{"line":65,"column":115}},"locations":[{"start":{"line":65,"column":77},"end":{"line":65,"column":115}}]},"13":{"type":"branch","line":66,"loc":{"start":{"line":66,"column":79},"end":{"line":66,"column":108}},"locations":[{"start":{"line":66,"column":79},"end":{"line":66,"column":108}}]},"14":{"type":"branch","line":78,"loc":{"start":{"line":78,"column":34},"end":{"line":78,"column":92}},"locations":[{"start":{"line":78,"column":34},"end":{"line":78,"column":92}}]}},"b":{"0":[21],"1":[10],"2":[0],"3":[2],"4":[36],"5":[4],"6":[1],"7":[1],"8":[1],"9":[1],"10":[1],"11":[24],"12":[1],"13":[1],"14":[1]},"fnMap":{"0":{"name":"App","decl":{"start":{"line":5,"column":12},"end":{"line":87,"column":2}},"loc":{"start":{"line":5,"column":12},"end":{"line":87,"column":2}},"line":5},"1":{"name":"handleAdd","decl":{"start":{"line":17,"column":22},"end":{"line":22,"column":6}},"loc":{"start":{"line":17,"column":22},"end":{"line":22,"column":6}},"line":17},"2":{"name":"handleEdit","decl":{"start":{"line":24,"column":23},"end":{"line":26,"column":6}},"loc":{"start":{"line":24,"column":23},"end":{"line":26,"column":6}},"line":24},"3":{"name":"handleUpdate","decl":{"start":{"line":28,"column":25},"end":{"line":33,"column":6}},"loc":{"start":{"line":28,"column":25},"end":{"line":33,"column":6}},"line":28},"4":{"name":"handleDelete","decl":{"start":{"line":35,"column":25},"end":{"line":38,"column":6}},"loc":{"start":{"line":35,"column":25},"end":{"line":38,"column":6}},"line":35},"5":{"name":"onChange","decl":{"start":{"line":53,"column":30},"end":{"line":53,"column":64}},"loc":{"start":{"line":53,"column":30},"end":{"line":53,"column":64}},"line":53},"6":{"name":"onClick","decl":{"start":{"line":65,"column":77},"end":{"line":65,"column":115}},"loc":{"start":{"line":65,"column":77},"end":{"line":65,"column":115}},"line":65},"7":{"name":"onClick","decl":{"start":{"line":66,"column":79},"end":{"line":66,"column":108}},"loc":{"start":{"line":66,"column":79},"end":{"line":66,"column":108}},"line":66},"8":{"name":"onChange","decl":{"start":{"line":78,"column":34},"end":{"line":78,"column":92}},"loc":{"start":{"line":78,"column":34},"end":{"line":78,"column":92}},"line":78},"9":{"name":"onClick","decl":{"start":{"line":82,"column":37},"end":{"line":82,"column":62}},"loc":{"start":{"line":82,"column":37},"end":{"line":82,"column":62}},"line":82}},"f":{"0":21,"1":1,"2":1,"3":1,"4":1,"5":1,"6":1,"7":1,"8":1,"9":0}}
,"/Users/ravikumarr/Documents/Development/test/bsckend/crud/src/handlers.js": {"path":"/Users/ravikumarr/Documents/Development/test/bsckend/crud/src/handlers.js","all":false,"statementMap":{"0":{"start":{"line":1,"column":0},"end":{"line":1,"column":75}},"2":{"start":{"line":3,"column":0},"end":{"line":3,"column":25}},"3":{"start":{"line":4,"column":0},"end":{"line":4,"column":64}},"4":{"start":{"line":5,"column":0},"end":{"line":5,"column":54}},"5":{"start":{"line":6,"column":0},"end":{"line":6,"column":76}},"6":{"start":{"line":7,"column":0},"end":{"line":7,"column":8}},"7":{"start":{"line":8,"column":0},"end":{"line":8,"column":22}},"8":{"start":{"line":9,"column":0},"end":{"line":9,"column":31}},"9":{"start":{"line":10,"column":0},"end":{"line":10,"column":65}},"10":{"start":{"line":11,"column":0},"end":{"line":11,"column":13}},"12":{"start":{"line":13,"column":0},"end":{"line":13,"column":22}},"13":{"start":{"line":14,"column":0},"end":{"line":14,"column":76}},"14":{"start":{"line":15,"column":0},"end":{"line":15,"column":7}},"15":{"start":{"line":16,"column":0},"end":{"line":16,"column":86}},"16":{"start":{"line":17,"column":0},"end":{"line":17,"column":74}},"17":{"start":{"line":18,"column":0},"end":{"line":18,"column":49}},"18":{"start":{"line":19,"column":0},"end":{"line":19,"column":37}},"19":{"start":{"line":20,"column":0},"end":{"line":20,"column":60}},"20":{"start":{"line":21,"column":0},"end":{"line":21,"column":65}},"21":{"start":{"line":22,"column":0},"end":{"line":22,"column":7}},"22":{"start":{"line":23,"column":0},"end":{"line":23,"column":89}},"23":{"start":{"line":24,"column":0},"end":{"line":24,"column":86}},"25":{"start":{"line":26,"column":0},"end":{"line":26,"column":49}},"26":{"start":{"line":27,"column":0},"end":{"line":27,"column":37}},"27":{"start":{"line":28,"column":0},"end":{"line":28,"column":80}},"28":{"start":{"line":29,"column":0},"end":{"line":29,"column":43}},"29":{"start":{"line":30,"column":0},"end":{"line":30,"column":71}},"30":{"start":{"line":31,"column":0},"end":{"line":31,"column":7}},"31":{"start":{"line":32,"column":0},"end":{"line":32,"column":86}},"32":{"start":{"line":33,"column":0},"end":{"line":33,"column":67}},"33":{"start":{"line":34,"column":0},"end":{"line":34,"column":43}},"34":{"start":{"line":35,"column":0},"end":{"line":35,"column":84}},"35":{"start":{"line":36,"column":0},"end":{"line":36,"column":39}},"36":{"start":{"line":37,"column":0},"end":{"line":37,"column":7}},"37":{"start":{"line":38,"column":0},"end":{"line":38,"column":2}}},"s":{"0":1,"2":1,"3":1,"4":4,"5":4,"6":4,"7":4,"8":4,"9":4,"10":4,"12":4,"13":4,"14":1,"15":1,"16":1,"17":1,"18":1,"19":1,"20":1,"21":1,"22":1,"23":1,"25":1,"26":1,"27":1,"28":1,"29":1,"30":1,"31":1,"32":1,"33":1,"34":1,"35":1,"36":1,"37":1},"branchMap":{"0":{"type":"branch","line":4,"loc":{"start":{"line":4,"column":44},"end":{"line":15,"column":5}},"locations":[{"start":{"line":4,"column":44},"end":{"line":15,"column":5}}]},"1":{"type":"branch","line":16,"loc":{"start":{"line":16,"column":45},"end":{"line":22,"column":5}},"locations":[{"start":{"line":16,"column":45},"end":{"line":22,"column":5}}]},"2":{"type":"branch","line":23,"loc":{"start":{"line":23,"column":48},"end":{"line":31,"column":5}},"locations":[{"start":{"line":23,"column":48},"end":{"line":31,"column":5}}]},"3":{"type":"branch","line":32,"loc":{"start":{"line":32,"column":51},"end":{"line":37,"column":5}},"locations":[{"start":{"line":32,"column":51},"end":{"line":37,"column":5}}]}},"b":{"0":[4],"1":[1],"2":[1],"3":[1]},"fnMap":{},"f":{}}
,"/Users/ravikumarr/Documents/Development/test/bsckend/crud/src/main.jsx": {"path":"/Users/ravikumarr/Documents/Development/test/bsckend/crud/src/main.jsx","all":true,"statementMap":{"0":{"start":{"line":1,"column":0},"end":{"line":1,"column":26}},"1":{"start":{"line":2,"column":0},"end":{"line":2,"column":33}},"2":{"start":{"line":3,"column":0},"end":{"line":3,"column":39}},"3":{"start":{"line":4,"column":0},"end":{"line":4,"column":38}},"4":{"start":{"line":5,"column":0},"end":{"line":5,"column":24}},"6":{"start":{"line":7,"column":0},"end":{"line":7,"column":16}},"7":{"start":{"line":8,"column":0},"end":{"line":8,"column":28}},"8":{"start":{"line":9,"column":0},"end":{"line":9,"column":15}},"9":{"start":{"line":10,"column":0},"end":{"line":10,"column":16}},"10":{"start":{"line":11,"column":0},"end":{"line":11,"column":35}},"11":{"start":{"line":12,"column":0},"end":{"line":12,"column":2}}},"s":{"0":0,"1":0,"2":0,"3":0,"4":0,"6":0,"7":0,"8":0,"9":0,"10":0,"11":0},"branchMap":{"0":{"type":"branch","line":1,"loc":{"start":{"line":1,"column":283},"end":{"line":12,"column":2}},"locations":[{"start":{"line":1,"column":283},"end":{"line":12,"column":2}}]}},"b":{"0":[0]},"fnMap":{"0":{"name":"(empty-report)","decl":{"start":{"line":1,"column":283},"end":{"line":12,"column":2}},"loc":{"start":{"line":1,"column":283},"end":{"line":12,"column":2}},"line":1}},"f":{"0":0}}
,"/Users/ravikumarr/Documents/Development/test/bsckend/crud/src/server.js": {"path":"/Users/ravikumarr/Documents/Development/test/bsckend/crud/src/server.js","all":false,"statementMap":{"0":{"start":{"line":1,"column":0},"end":{"line":1,"column":67}},"3":{"start":{"line":4,"column":0},"end":{"line":4,"column":38}},"4":{"start":{"line":5,"column":0},"end":{"line":5,"column":47}}},"s":{"0":1,"3":1,"4":1},"branchMap":{},"b":{},"fnMap":{},"f":{}}
,"/Users/ravikumarr/Documents/Development/test/bsckend/crud/src/redux/itemsSlice.js": {"path":"/Users/ravikumarr/Documents/Development/test/bsckend/crud/src/redux/itemsSlice.js","all":false,"statementMap":{"0":{"start":{"line":1,"column":0},"end":{"line":1,"column":109}},"3":{"start":{"line":4,"column":0},"end":{"line":4,"column":46}},"5":{"start":{"line":6,"column":0},"end":{"line":6,"column":29}},"6":{"start":{"line":7,"column":0},"end":{"line":7,"column":76}},"7":{"start":{"line":8,"column":0},"end":{"line":8,"column":46}},"8":{"start":{"line":9,"column":0},"end":{"line":9,"column":30}},"9":{"start":{"line":10,"column":0},"end":{"line":10,"column":3}},"11":{"start":{"line":12,"column":0},"end":{"line":12,"column":74}},"12":{"start":{"line":13,"column":0},"end":{"line":13,"column":53}},"13":{"start":{"line":14,"column":0},"end":{"line":14,"column":30}},"14":{"start":{"line":15,"column":0},"end":{"line":15,"column":3}},"16":{"start":{"line":17,"column":0},"end":{"line":17,"column":88}},"17":{"start":{"line":18,"column":0},"end":{"line":18,"column":67}},"18":{"start":{"line":19,"column":0},"end":{"line":19,"column":30}},"19":{"start":{"line":20,"column":0},"end":{"line":20,"column":3}},"21":{"start":{"line":22,"column":0},"end":{"line":22,"column":78}},"22":{"start":{"line":23,"column":0},"end":{"line":23,"column":43}},"23":{"start":{"line":24,"column":0},"end":{"line":24,"column":14}},"24":{"start":{"line":25,"column":0},"end":{"line":25,"column":3}},"26":{"start":{"line":27,"column":0},"end":{"line":27,"column":14}},"27":{"start":{"line":28,"column":0},"end":{"line":28,"column":32}},"28":{"start":{"line":29,"column":0},"end":{"line":29,"column":18}},"29":{"start":{"line":30,"column":0},"end":{"line":30,"column":19}},"30":{"start":{"line":31,"column":0},"end":{"line":31,"column":18}},"31":{"start":{"line":32,"column":0},"end":{"line":32,"column":23}},"32":{"start":{"line":33,"column":0},"end":{"line":33,"column":20}},"33":{"start":{"line":34,"column":0},"end":{"line":34,"column":6}},"34":{"start":{"line":35,"column":0},"end":{"line":35,"column":17}},"35":{"start":{"line":36,"column":0},"end":{"line":36,"column":33}},"36":{"start":{"line":37,"column":0},"end":{"line":37,"column":15}},"37":{"start":{"line":38,"column":0},"end":{"line":38,"column":63}},"38":{"start":{"line":39,"column":0},"end":{"line":39,"column":45}},"39":{"start":{"line":40,"column":0},"end":{"line":40,"column":43}},"40":{"start":{"line":41,"column":0},"end":{"line":41,"column":14}},"41":{"start":{"line":42,"column":0},"end":{"line":42,"column":60}},"42":{"start":{"line":43,"column":0},"end":{"line":43,"column":49}},"43":{"start":{"line":44,"column":0},"end":{"line":44,"column":14}},"44":{"start":{"line":45,"column":0},"end":{"line":45,"column":63}},"45":{"start":{"line":46,"column":0},"end":{"line":46,"column":93}},"46":{"start":{"line":47,"column":0},"end":{"line":47,"column":35}},"47":{"start":{"line":48,"column":0},"end":{"line":48,"column":56}},"48":{"start":{"line":49,"column":0},"end":{"line":49,"column":17}},"49":{"start":{"line":50,"column":0},"end":{"line":50,"column":14}},"50":{"start":{"line":51,"column":0},"end":{"line":51,"column":63}},"51":{"start":{"line":52,"column":0},"end":{"line":52,"column":87}},"52":{"start":{"line":53,"column":0},"end":{"line":53,"column":14}},"53":{"start":{"line":54,"column":0},"end":{"line":54,"column":24}},"54":{"start":{"line":55,"column":0},"end":{"line":55,"column":61}},"55":{"start":{"line":56,"column":0},"end":{"line":56,"column":28}},"56":{"start":{"line":57,"column":0},"end":{"line":57,"column":45}},"57":{"start":{"line":58,"column":0},"end":{"line":58,"column":17}},"58":{"start":{"line":59,"column":0},"end":{"line":59,"column":13}},"59":{"start":{"line":60,"column":0},"end":{"line":60,"column":24}},"60":{"start":{"line":61,"column":0},"end":{"line":61,"column":62}},"61":{"start":{"line":62,"column":0},"end":{"line":62,"column":36}},"62":{"start":{"line":63,"column":0},"end":{"line":63,"column":44}},"63":{"start":{"line":64,"column":0},"end":{"line":64,"column":55}},"64":{"start":{"line":65,"column":0},"end":{"line":65,"column":17}},"65":{"start":{"line":66,"column":0},"end":{"line":66,"column":14}},"66":{"start":{"line":67,"column":0},"end":{"line":67,"column":6}},"67":{"start":{"line":68,"column":0},"end":{"line":68,"column":3}},"69":{"start":{"line":70,"column":0},"end":{"line":70,"column":34}}},"s":{"0":1,"3":1,"5":1,"6":1,"7":4,"8":4,"9":1,"11":1,"12":1,"13":1,"14":1,"16":1,"17":1,"18":1,"19":1,"21":1,"22":1,"23":1,"24":1,"26":1,"27":1,"28":1,"29":1,"30":1,"31":1,"32":1,"33":1,"34":1,"35":1,"36":2,"37":2,"38":5,"39":5,"40":2,"41":2,"42":2,"43":2,"44":2,"45":2,"46":2,"47":2,"48":2,"49":2,"50":2,"51":2,"52":2,"53":2,"54":2,"55":2,"56":7,"57":7,"58":2,"59":2,"60":2,"61":2,"62":0,"63":0,"64":0,"65":2,"66":1,"67":1,"69":1},"branchMap":{"0":{"type":"branch","line":7,"loc":{"start":{"line":7,"column":63},"end":{"line":10,"column":2}},"locations":[{"start":{"line":7,"column":63},"end":{"line":10,"column":2}}]},"1":{"type":"branch","line":12,"loc":{"start":{"line":12,"column":57},"end":{"line":15,"column":2}},"locations":[{"start":{"line":12,"column":57},"end":{"line":15,"column":2}}]},"2":{"type":"branch","line":17,"loc":{"start":{"line":17,"column":63},"end":{"line":20,"column":2}},"locations":[{"start":{"line":17,"column":63},"end":{"line":20,"column":2}}]},"3":{"type":"branch","line":22,"loc":{"start":{"line":22,"column":63},"end":{"line":25,"column":2}},"locations":[{"start":{"line":22,"column":63},"end":{"line":25,"column":2}}]},"4":{"type":"branch","line":36,"loc":{"start":{"line":36,"column":19},"end":{"line":67,"column":5}},"locations":[{"start":{"line":36,"column":19},"end":{"line":67,"column":5}}]},"5":{"type":"branch","line":38,"loc":{"start":{"line":38,"column":43},"end":{"line":41,"column":13}},"locations":[{"start":{"line":38,"column":43},"end":{"line":41,"column":13}}]},"6":{"type":"branch","line":42,"loc":{"start":{"line":42,"column":40},"end":{"line":44,"column":13}},"locations":[{"start":{"line":42,"column":40},"end":{"line":44,"column":13}}]},"7":{"type":"branch","line":45,"loc":{"start":{"line":45,"column":43},"end":{"line":50,"column":13}},"locations":[{"start":{"line":45,"column":43},"end":{"line":50,"column":13}}]},"8":{"type":"branch","line":46,"loc":{"start":{"line":46,"column":52},"end":{"line":46,"column":91}},"locations":[{"start":{"line":46,"column":52},"end":{"line":46,"column":91}}]},"9":{"type":"branch","line":51,"loc":{"start":{"line":51,"column":43},"end":{"line":53,"column":13}},"locations":[{"start":{"line":51,"column":43},"end":{"line":53,"column":13}}]},"10":{"type":"branch","line":52,"loc":{"start":{"line":52,"column":49},"end":{"line":52,"column":85}},"locations":[{"start":{"line":52,"column":49},"end":{"line":52,"column":85}}]},"11":{"type":"branch","line":55,"loc":{"start":{"line":55,"column":16},"end":{"line":55,"column":60}},"locations":[{"start":{"line":55,"column":16},"end":{"line":55,"column":60}}]},"12":{"type":"branch","line":56,"loc":{"start":{"line":56,"column":16},"end":{"line":58,"column":17}},"locations":[{"start":{"line":56,"column":16},"end":{"line":58,"column":17}}]},"13":{"type":"branch","line":61,"loc":{"start":{"line":61,"column":16},"end":{"line":61,"column":61}},"locations":[{"start":{"line":61,"column":16},"end":{"line":61,"column":61}}]}},"b":{"0":[4],"1":[1],"2":[1],"3":[1],"4":[2],"5":[5],"6":[2],"7":[2],"8":[2],"9":[2],"10":[2],"11":[36],"12":[7],"13":[36]},"fnMap":{"0":{"name":"extraReducers","decl":{"start":{"line":36,"column":19},"end":{"line":67,"column":5}},"loc":{"start":{"line":36,"column":19},"end":{"line":67,"column":5}},"line":36},"1":{"name":"builder.addCase.addCase.addCase.addCase.addMatcher.state.status","decl":{"start":{"line":55,"column":16},"end":{"line":55,"column":60}},"loc":{"start":{"line":55,"column":16},"end":{"line":55,"column":60}},"line":55},"2":{"name":"builder.addCase.addCase.addCase.addCase.addMatcher.addMatcher.state.status","decl":{"start":{"line":61,"column":16},"end":{"line":61,"column":61}},"loc":{"start":{"line":61,"column":16},"end":{"line":61,"column":61}},"line":61}},"f":{"0":2,"1":36,"2":36}}
,"/Users/ravikumarr/Documents/Development/test/bsckend/crud/src/redux/store.js": {"path":"/Users/ravikumarr/Documents/Development/test/bsckend/crud/src/redux/store.js","all":false,"statementMap":{"0":{"start":{"line":1,"column":0},"end":{"line":1,"column":94}},"3":{"start":{"line":4,"column":0},"end":{"line":4,"column":37}},"4":{"start":{"line":5,"column":0},"end":{"line":5,"column":14}},"5":{"start":{"line":6,"column":0},"end":{"line":6,"column":28}},"6":{"start":{"line":7,"column":0},"end":{"line":7,"column":6}},"7":{"start":{"line":8,"column":0},"end":{"line":8,"column":3}}},"s":{"0":1,"3":1,"4":1,"5":1,"6":1,"7":1},"branchMap":{},"b":{},"fnMap":{},"f":{}}
}
